  tbitarray.cpp
d:\programs\dropboxfiles\dropbox\programming\c++\cs3370 c++ software development\assn6-bitarray\assn6-bitarray\bitarray.h(174): warning C4018: '<': signed/unsigned mismatch
  d:\programs\dropboxfiles\dropbox\programming\c++\cs3370 c++ software development\assn6-bitarray\assn6-bitarray\bitarray.h(172): note: while compiling class template member function 'BitArray<std::size_t> BitArray<std::size_t>::slice(std::size_t,std::size_t) const'
  d:\programs\dropboxfiles\dropbox\programming\c++\cs3370 c++ software development\assn6-bitarray\assn6-bitarray\tbitarray.cpp(109): note: see reference to function template instantiation 'BitArray<std::size_t> BitArray<std::size_t>::slice(std::size_t,std::size_t) const' being compiled
  d:\programs\dropboxfiles\dropbox\programming\c++\cs3370 c++ software development\assn6-bitarray\assn6-bitarray\tbitarray.cpp(13): note: see reference to class template instantiation 'BitArray<std::size_t>' being compiled
d:\programs\dropboxfiles\dropbox\programming\c++\cs3370 c++ software development\assn6-bitarray\assn6-bitarray\bitarray.h(107): warning C4244: 'argument': conversion from 'double' to 'unsigned int', possible loss of data
  d:\programs\dropboxfiles\dropbox\programming\c++\cs3370 c++ software development\assn6-bitarray\assn6-bitarray\bitarray.h(103): note: while compiling class template member function 'void BitArray<std::size_t>::shrink_to_fit(void)'
  d:\programs\dropboxfiles\dropbox\programming\c++\cs3370 c++ software development\assn6-bitarray\assn6-bitarray\tbitarray.cpp(114): note: see reference to function template instantiation 'void BitArray<std::size_t>::shrink_to_fit(void)' being compiled
d:\programs\dropboxfiles\dropbox\programming\c++\cs3370 c++ software development\assn6-bitarray\assn6-bitarray\bitarray.h(101): warning C4018: '<': signed/unsigned mismatch
  d:\programs\dropboxfiles\dropbox\programming\c++\cs3370 c++ software development\assn6-bitarray\assn6-bitarray\bitarray.h(100): note: while compiling class template member function 'void BitArray<std::size_t>::insert(std::size_t,const BitArray<std::size_t> &)'
  d:\programs\dropboxfiles\dropbox\programming\c++\cs3370 c++ software development\assn6-bitarray\assn6-bitarray\tbitarray.cpp(89): note: see reference to function template instantiation 'void BitArray<std::size_t>::insert(std::size_t,const BitArray<std::size_t> &)' being compiled
d:\programs\dropboxfiles\dropbox\programming\c++\cs3370 c++ software development\assn6-bitarray\assn6-bitarray\bitarray.h(97): warning C4018: '>': signed/unsigned mismatch
  d:\programs\dropboxfiles\dropbox\programming\c++\cs3370 c++ software development\assn6-bitarray\assn6-bitarray\bitarray.h(93): note: while compiling class template member function 'void BitArray<std::size_t>::insert(std::size_t,bool)'
  d:\programs\dropboxfiles\dropbox\programming\c++\cs3370 c++ software development\assn6-bitarray\assn6-bitarray\tbitarray.cpp(83): note: see reference to function template instantiation 'void BitArray<std::size_t>::insert(std::size_t,bool)' being compiled
d:\programs\dropboxfiles\dropbox\programming\c++\cs3370 c++ software development\assn6-bitarray\assn6-bitarray\bitarray.h(45): warning C4244: 'argument': conversion from 'double' to 'unsigned int', possible loss of data
  d:\programs\dropboxfiles\dropbox\programming\c++\cs3370 c++ software development\assn6-bitarray\assn6-bitarray\bitarray.h(42): note: while compiling class template member function 'BitArray<std::size_t>::BitArray(const std::string &)'
  d:\programs\dropboxfiles\dropbox\programming\c++\cs3370 c++ software development\assn6-bitarray\assn6-bitarray\tbitarray.cpp(53): note: see reference to function template instantiation 'BitArray<std::size_t>::BitArray(const std::string &)' being compiled
d:\programs\dropboxfiles\dropbox\programming\c++\cs3370 c++ software development\assn6-bitarray\assn6-bitarray\bitarray.h(40): warning C4244: 'argument': conversion from 'double' to 'unsigned int', possible loss of data
  d:\programs\dropboxfiles\dropbox\programming\c++\cs3370 c++ software development\assn6-bitarray\assn6-bitarray\bitarray.h(38): note: while compiling class template member function 'BitArray<std::size_t>::BitArray(std::size_t)'
  d:\programs\dropboxfiles\dropbox\programming\c++\cs3370 c++ software development\assn6-bitarray\assn6-bitarray\tbitarray.cpp(13): note: see reference to function template instantiation 'BitArray<std::size_t>::BitArray(std::size_t)' being compiled
  Assn6-BitArray.vcxproj -> D:\Programs\DropBoxFiles\Dropbox\Programming\C++\CS3370 C++ Software Development\Assn6-BitArray\Debug\Assn6-BitArray.exe
  Assn6-BitArray.vcxproj -> D:\Programs\DropBoxFiles\Dropbox\Programming\C++\CS3370 C++ Software Development\Assn6-BitArray\Debug\Assn6-BitArray.pdb (Partial PDB)
